<?xml version="1.0" ?>
<!DOCTYPE coverage SYSTEM "http://cobertura.sourceforge.net/xml/coverage-04.dtd">
<coverage lines-valid="115"  lines-covered="115"  line-rate="1"  branches-valid="53"  branches-covered="52"  branch-rate="0.9811"  timestamp="1385586482445" complexity="0" version="0.1">
<sources>
	<source>/Users/leobalter/dev/moipjs</source>
</sources>
<packages>
	<package name="src"  line-rate="1"  branch-rate="0.9811" >
	<classes>
		<class name="calculator.js"  filename="src/calculator.js"  line-rate="1"  branch-rate="0.8889" >
		<methods>
			<method name="(anonymous_1)"  hits="1"  signature="()V" >
				<lines><line number="1"  hits="1" /></lines>
			</method>
			<method name="(anonymous_2)"  hits="2"  signature="()V" >
				<lines><line number="6"  hits="2" /></lines>
			</method>
			<method name="(anonymous_3)"  hits="2"  signature="()V" >
				<lines><line number="10"  hits="2" /></lines>
			</method>
			<method name="(anonymous_4)"  hits="1"  signature="()V" >
				<lines><line number="44"  hits="1" /></lines>
			</method>
			<method name="(anonymous_5)"  hits="12"  signature="()V" >
				<lines><line number="65"  hits="12" /></lines>
			</method>
			<method name="(anonymous_6)"  hits="14"  signature="()V" >
				<lines><line number="69"  hits="14" /></lines>
			</method>
			<method name="(anonymous_7)"  hits="24"  signature="()V" >
				<lines><line number="73"  hits="24" /></lines>
			</method>
			<method name="(anonymous_8)"  hits="24"  signature="()V" >
				<lines><line number="77"  hits="24" /></lines>
			</method>
			<method name="(anonymous_9)"  hits="25"  signature="()V" >
				<lines><line number="81"  hits="25" /></lines>
			</method>
			<method name="(anonymous_10)"  hits="12"  signature="()V" >
				<lines><line number="85"  hits="12" /></lines>
			</method>
			<method name="(anonymous_11)"  hits="12"  signature="()V" >
				<lines><line number="89"  hits="12" /></lines>
			</method>
			<method name="(anonymous_12)"  hits="12"  signature="()V" >
				<lines><line number="96"  hits="12" /></lines>
			</method>
			<method name="(anonymous_13)"  hits="11"  signature="()V" >
				<lines><line number="100"  hits="11" /></lines>
			</method>
		</methods>
		<lines>
			<line number="1"  hits="1"  branch="false" />
			<line number="2"  hits="1"  branch="true"  condition-coverage="50% (1/2)" />
			<line number="3"  hits="1"  branch="false" />
			<line number="5"  hits="1"  branch="false" />
			<line number="7"  hits="2"  branch="false" />
			<line number="11"  hits="2"  branch="false" />
			<line number="12"  hits="2"  branch="false" />
			<line number="13"  hits="2"  branch="false" />
			<line number="14"  hits="2"  branch="false" />
			<line number="15"  hits="2"  branch="false" />
			<line number="17"  hits="2"  branch="false" />
			<line number="19"  hits="2"  branch="true"  condition-coverage="100% (5/5)" />
			<line number="20"  hits="1"  branch="false" />
			<line number="21"  hits="12"  branch="false" />
			<line number="22"  hits="12"  branch="false" />
			<line number="23"  hits="12"  branch="false" />
			<line number="24"  hits="12"  branch="false" />
			<line number="26"  hits="1"  branch="false" />
			<line number="35"  hits="1"  branch="false" />
			<line number="36"  hits="1"  branch="false" />
			<line number="45"  hits="1"  branch="false" />
			<line number="46"  hits="1"  branch="false" />
			<line number="47"  hits="1"  branch="false" />
			<line number="48"  hits="1"  branch="false" />
			<line number="49"  hits="1"  branch="false" />
			<line number="50"  hits="1"  branch="false" />
			<line number="51"  hits="1"  branch="false" />
			<line number="53"  hits="1"  branch="false" />
			<line number="54"  hits="12"  branch="false" />
			<line number="55"  hits="12"  branch="false" />
			<line number="56"  hits="12"  branch="false" />
			<line number="57"  hits="12"  branch="false" />
			<line number="58"  hits="12"  branch="false" />
			<line number="59"  hits="12"  branch="false" />
			<line number="60"  hits="12"  branch="false" />
			<line number="62"  hits="1"  branch="false" />
			<line number="66"  hits="12"  branch="false" />
			<line number="70"  hits="14"  branch="false" />
			<line number="74"  hits="24"  branch="false" />
			<line number="78"  hits="24"  branch="false" />
			<line number="82"  hits="25"  branch="false" />
			<line number="86"  hits="12"  branch="false" />
			<line number="90"  hits="12"  branch="true"  condition-coverage="100% (2/2)" />
			<line number="91"  hits="1"  branch="false" />
			<line number="93"  hits="11"  branch="false" />
			<line number="97"  hits="12"  branch="false" />
			<line number="101"  hits="11"  branch="false" />
		</lines>
		</class>
		<class name="creditCard.js"  filename="src/creditCard.js"  line-rate="1"  branch-rate="1" >
		<methods>
			<method name="(anonymous_1)"  hits="1"  signature="()V" >
				<lines><line number="1"  hits="1" /></lines>
			</method>
			<method name="(anonymous_2)"  hits="14"  signature="()V" >
				<lines><line number="6"  hits="14" /></lines>
			</method>
			<method name="(anonymous_3)"  hits="24"  signature="()V" >
				<lines><line number="35"  hits="24" /></lines>
			</method>
			<method name="(anonymous_4)"  hits="3"  signature="()V" >
				<lines><line number="68"  hits="3" /></lines>
			</method>
			<method name="(anonymous_5)"  hits="10"  signature="()V" >
				<lines><line number="79"  hits="10" /></lines>
			</method>
			<method name="(anonymous_6)"  hits="8"  signature="()V" >
				<lines><line number="102"  hits="8" /></lines>
			</method>
		</methods>
		<lines>
			<line number="1"  hits="1"  branch="false" />
			<line number="2"  hits="1"  branch="true"  condition-coverage="100% (2/2)" />
			<line number="3"  hits="1"  branch="false" />
			<line number="5"  hits="1"  branch="false" />
			<line number="7"  hits="14"  branch="false" />
			<line number="8"  hits="14"  branch="false" />
			<line number="9"  hits="14"  branch="false" />
			<line number="11"  hits="14"  branch="false" />
			<line number="12"  hits="14"  branch="true"  condition-coverage="100% (2/2)" />
			<line number="13"  hits="1"  branch="false" />
			<line number="14"  hits="13"  branch="true"  condition-coverage="100% (2/2)" />
			<line number="15"  hits="3"  branch="false" />
			<line number="18"  hits="10"  branch="false" />
			<line number="19"  hits="10"  branch="false" />
			<line number="20"  hits="79"  branch="false" />
			<line number="23"  hits="10"  branch="false" />
			<line number="24"  hits="78"  branch="false" />
			<line number="25"  hits="78"  branch="true"  condition-coverage="100% (2/2)" />
			<line number="27"  hits="10"  branch="true"  condition-coverage="100% (2/2)" />
			<line number="28"  hits="8"  branch="false" />
			<line number="30"  hits="2"  branch="false" />
			<line number="36"  hits="24"  branch="false" />
			<line number="37"  hits="24"  branch="false" />
			<line number="38"  hits="24"  branch="false" />
			<line number="39"  hits="24"  branch="false" />
			<line number="40"  hits="24"  branch="false" />
			<line number="41"  hits="24"  branch="false" />
			<line number="42"  hits="24"  branch="false" />
			<line number="43"  hits="24"  branch="false" />
			<line number="45"  hits="24"  branch="true"  condition-coverage="100% (2/2)" />
			<line number="46"  hits="7"  branch="false" />
			<line number="49"  hits="17"  branch="true"  condition-coverage="100% (2/2)" />
			<line number="50"  hits="6"  branch="false" />
			<line number="53"  hits="11"  branch="true"  condition-coverage="100% (2/2)" />
			<line number="54"  hits="3"  branch="false" />
			<line number="57"  hits="8"  branch="true"  condition-coverage="100% (2/2)" />
			<line number="58"  hits="1"  branch="false" />
			<line number="61"  hits="7"  branch="true"  condition-coverage="100% (2/2)" />
			<line number="62"  hits="5"  branch="false" />
			<line number="65"  hits="2"  branch="false" />
			<line number="69"  hits="3"  branch="false" />
			<line number="72"  hits="3"  branch="true"  condition-coverage="100% (2/2)" />
			<line number="74"  hits="3"  branch="false" />
			<line number="76"  hits="3"  branch="true"  condition-coverage="100% (2/2)" />
			<line number="80"  hits="10"  branch="false" />
			<line number="81"  hits="10"  branch="false" />
			<line number="83"  hits="10"  branch="true"  condition-coverage="100% (4/4)" />
			<line number="84"  hits="2"  branch="false" />
			<line number="86"  hits="8"  branch="true"  condition-coverage="100% (4/4)" />
			<line number="87"  hits="2"  branch="false" />
			<line number="89"  hits="6"  branch="true"  condition-coverage="100% (2/2)" />
			<line number="90"  hits="2"  branch="true"  condition-coverage="100% (2/2)" />
			<line number="91"  hits="1"  branch="false" />
			<line number="93"  hits="1"  branch="false" />
			<line number="96"  hits="6"  branch="true"  condition-coverage="100% (4/4)" />
			<line number="97"  hits="1"  branch="false" />
			<line number="99"  hits="5"  branch="false" />
			<line number="103"  hits="8"  branch="false" />
			<line number="104"  hits="8"  branch="false" />
			<line number="105"  hits="8"  branch="false" />
			<line number="107"  hits="8"  branch="false" />
			<line number="108"  hits="8"  branch="true"  condition-coverage="100% (2/2)" />
			<line number="109"  hits="2"  branch="true"  condition-coverage="100% (2/2)" />
			<line number="110"  hits="1"  branch="false" />
			<line number="112"  hits="1"  branch="false" />
			<line number="115"  hits="7"  branch="false" />
			<line number="116"  hits="7"  branch="false" />
			<line number="117"  hits="7"  branch="false" />
		</lines>
		</class>
	</classes>
	</package>
</packages>
</coverage>
